<?xml version="1.0" encoding="UTF-8"?>
<!-- Generated by org.testng.reporters.JUnitXMLReporter -->
<testsuite ignored="1" hostname="LAP-45302Technology" failures="0" tests="9" name="Test" time="0.051" errors="0" timestamp="31 Aug 2021 10:45:22 GMT">
  <testcase classname="TestFramework.basics6" name="@BeforeTest getData" time="0.0">
    <failure type="java.io.FileNotFoundException" message="C:\Users\rahul\workspace\DemoProject\src\files\env.properties (No such file or directory)">
      <![CDATA[java.io.FileNotFoundException: C:\Users\rahul\workspace\DemoProject\src\files\env.properties (No such file or directory)
	at java.base/java.io.FileInputStream.open0(Native Method)
	at java.base/java.io.FileInputStream.open(FileInputStream.java:219)
	at java.base/java.io.FileInputStream.<init>(FileInputStream.java:157)
	at java.base/java.io.FileInputStream.<init>(FileInputStream.java:112)
	at TestFramework.basics6.getData(basics6.java:20)
... Removed 23 stack frames]]>
    </failure>
  </testcase> <!-- @BeforeTest getData -->
  <testcase classname="TestFramework.basics8" name="@BeforeTest getData" time="0.0">
    <skipped/>
  </testcase> <!-- @BeforeTest getData -->
  <testcase classname="TestFramework.basics4" name="postDataXML" time="0.004">
    <skipped/>
  </testcase> <!-- postDataXML -->
  <testcase classname="TestFramework.basics" name="getPlaceAPI" time="0.001">
    <skipped/>
  </testcase> <!-- getPlaceAPI -->
  <testcase classname="TestFramework.basics3" name="AddandDeletePlace" time="0.001">
    <skipped/>
  </testcase> <!-- AddandDeletePlace -->
  <testcase classname="TestFramework.basics7" name="AddBooks" time="0.001">
    <skipped/>
  </testcase> <!-- AddBooks -->
  <testcase classname="TestFramework.basics8" name="JiraAPIUpdate" time="0.002">
    <skipped/>
  </testcase> <!-- JiraAPIUpdate -->
  <testcase classname="TestFramework.basics2" name="createPlaceAPI" time="0.001">
    <skipped/>
  </testcase> <!-- createPlaceAPI -->
  <testcase classname="TestFramework.basics7" name="AddBooks" time="0.002">
    <skipped/>
  </testcase> <!-- AddBooks -->
  <testcase classname="TestFramework.basics6" name="JiraAPICreateIssue" time="0.001">
    <skipped/>
  </testcase> <!-- JiraAPICreateIssue -->
  <testcase classname="TestFramework.basics5" name="extractingNamesAPI" time="0.001">
    <skipped/>
  </testcase> <!-- extractingNamesAPI -->
  <testcase classname="TestFramework.basics7" name="@BeforeTest getData" time="0.0">
    <ignored/>
  </testcase> <!-- @BeforeTest getData -->
</testsuite> <!-- Test -->
