<?xml version="1.0" encoding="UTF-8"?>
<!-- Generated by org.testng.reporters.JUnitReportReporter -->
<testsuite ignored="1" hostname="LAP-45302Technology" failures="0" tests="1" name="TestFramework.basics5" time="0.001" errors="0" timestamp="31 Aug 2021 10:45:22 GMT" skipped="1">
  <testcase classname="TestFramework.basics5" name="extractingNamesAPI" time="0.001">
    <skipped/>
  </testcase> <!-- extractingNamesAPI -->
  <testcase classname="TestFramework.basics7" name="getData">
    <skipped/>
  </testcase> <!-- getData -->
</testsuite> <!-- TestFramework.basics5 -->
